0.2560 	WARNING 	We strongly recommend you activate the PTB sound engine in PsychoPy prefs as the preferred audio engine. Its timing is vastly superior. Your prefs are currently set to use ['sounddevice', 'PTB', 'pyo', 'pygame'] (in that order).
4.7315 	INFO 	Loaded monitor calibration from ['2020_11_26 16:05']
5.3347 	EXP 	Created window1 = Window(allowGUI=False, allowStencil=False, args=UNKNOWN, autoLog=True, bitsMode=UNKNOWN, blendMode='avg', bpc=(8, 8, 8), color=array([0., 0., 0.]), colorSpace='rgb', depthBits=8, fullscr=<method-wrapper '__getattribute__' of attributeSetter object at 0x7fd866535b00>, gamma=None, gammaErrorPolicy='raise', kwargs=UNKNOWN, lms=UNKNOWN, monitor=<psychopy.monitors.calibTools.Monitor object at 0x7fd8661b44e0>, multiSample=False, name='window1', numSamples=2, pos=[0.0, 0.0], screen=0, size=array([1920, 1080]), stencilBits=0, stereo=False, units='norm', useFBO=True, useRetina=False, viewOri=0.0, viewPos=None, viewScale=None, waitBlanking=True, winType='pyglet')
5.3349 	EXP 	window1: mouseVisible = True
5.3350 	EXP 	window1: recordFrameIntervals = False
5.4999 	EXP 	window1: recordFrameIntervals = True
5.6843 	DEBUG 	Screen (0) actual frame rate measured at 59.66
5.6844 	EXP 	window1: recordFrameIntervals = False
6.0672 	EXP 	Created welcome_txt = TextStim(__class__=<class 'psychopy.visual.text.TextStim'>, alignHoriz=method-wrapper(...), alignText='center', alignVert=method-wrapper(...), anchorHoriz='center', anchorVert='center', antialias=True, autoLog=True, bold=False, color='white', colorSpace='named', contrast=1.0, depth=0.0, flipHoriz=False, flipVert=False, font='Arial', fontFiles=[], height=0.2, italic=False, languageStyle='LTR', name='welcome_txt', opacity=1.0, ori=0, pos=array([0., 0.]), rgb=array([255., 255., 255.]), text='Welcome to this experiment!', units='norm', win=Window(...), wrapWidth=1)
6.1027 	EXP 	Created instructions_txt = TextStim(__class__=<class 'psychopy.visual.text.TextStim'>, alignHoriz=method-wrapper(...), alignText='center', alignVert=method-wrapper(...), anchorHoriz='center', anchorVert='center', antialias=True, autoLog=True, bold=False, color='white', colorSpace='named', contrast=1.0, depth=0.0, flipHoriz=False, flipVert=False, font='Arial', fontFiles=[], height=0.1, italic=False, languageStyle='LTR', name='instructions_txt', opacity=1.0, ori=0, pos=array([0., 0.]), rgb=array([255., 255., 255.]), text=str(...), units='norm', win=Window(...), wrapWidth=1)
6.4341 	EXP 	Created polygon = Polygon(__class__=<class 'psychopy.visual.polygon.Polygon'>, autoDraw=False, autoLog=True, closeShape=True, color=method-wrapper(...), colorSpace=None, contrast=1.0, depth=0.0, fillColor=array([1., 1., 1.]), fillColorSpace='rgb', fillRGB=array([1., 1., 1.]), interpolate=True, lineColor=array([1., 1., 1.]), lineColorSpace='rgb', lineRGB=array([1., 1., 1.]), lineWidth=1, name='polygon', opacity=1.0, ori=array(0.), pos=array([0., 0.]), size=array([0.005625, 0.01    ]), units='norm', vertices=ndarray(...), win=Window(...))
6.4390 	EXP 	Created trial_txt = TextStim(__class__=<class 'psychopy.visual.text.TextStim'>, alignHoriz=method-wrapper(...), alignText='center', alignVert=method-wrapper(...), anchorHoriz='center', anchorVert='center', antialias=True, autoLog=True, bold=False, color='white', colorSpace='named', contrast=1.0, depth=0.0, flipHoriz=False, flipVert=False, font='Arial', fontFiles=[], height=0.2, italic=False, languageStyle='LTR', name='trial_txt', opacity=1.0, ori=0, pos=array([0., 0.]), rgb=array([255., 255., 255.]), text='default text', units='norm', win=Window(...), wrapWidth=1)
6.7700 	EXP 	Created fix_dot = Polygon(__class__=<class 'psychopy.visual.polygon.Polygon'>, autoDraw=False, autoLog=True, closeShape=True, color=method-wrapper(...), colorSpace=None, contrast=1.0, depth=0.0, fillColor=array([1., 1., 1.]), fillColorSpace='rgb', fillRGB=array([1., 1., 1.]), interpolate=True, lineColor=array([1., 1., 1.]), lineColorSpace='rgb', lineRGB=array([1., 1., 1.]), lineWidth=1, name='fix_dot', opacity=1.0, ori=array(0.), pos=array([0., 0.]), size=array([0.005625, 0.01    ]), units='norm', vertices=ndarray(...), win=Window(...))
6.7741 	EXP 	Created yes_circle = Polygon(__class__=<class 'psychopy.visual.polygon.Polygon'>, autoDraw=False, autoLog=True, closeShape=True, color=method-wrapper(...), colorSpace=None, contrast=1.0, depth=0.0, fillColor=array([-1.,  1., -1.]), fillColorSpace='rgb', fillRGB=array([-1.,  1., -1.]), interpolate=True, lineColor=array([1., 1., 1.]), lineColorSpace='rgb', lineRGB=array([1., 1., 1.]), lineWidth=1, name='yes_circle', opacity=1.0, ori=array(0.), pos=array([-0.5,  0. ]), size=array([0.05625, 0.1    ]), units='norm', vertices=ndarray(...), win=Window(...))
6.7783 	EXP 	Created no_circle = Polygon(__class__=<class 'psychopy.visual.polygon.Polygon'>, autoDraw=False, autoLog=True, closeShape=True, color=method-wrapper(...), colorSpace=None, contrast=1.0, depth=-1.0, fillColor=array([ 1., -1., -1.]), fillColorSpace='rgb', fillRGB=array([ 1., -1., -1.]), interpolate=True, lineColor=array([1., 1., 1.]), lineColorSpace='rgb', lineRGB=array([1., 1., 1.]), lineWidth=1, name='no_circle', opacity=1.0, ori=array(0.), pos=array([0.5, 0. ]), size=array([0.05625, 0.1    ]), units='norm', vertices=ndarray(...), win=Window(...))
6.7784 	EXP 	window1: mouseVisible = True
6.7917 	EXP 	Created ty_txt = ImageStim(__class__=<class 'psychopy.visual.image.ImageStim'>, autoLog=True, color=array([1., 1., 1.]), colorSpace='rgb', contrast=1.0, depth=0.0, flipHoriz=False, flipVert=False, image='thank_you.png', interpolate=True, mask=None, maskParams=None, name='ty_txt', opacity=1.0, ori=0.0, pos=array([0., 0.]), size=array([0.5625, 1.    ]), texRes=512, units='norm', win=Window(...))
6.8034 	EXP 	welcome_txt: autoDraw = True
9.8167 	EXP 	welcome_txt: autoDraw = False
9.8167 	EXP 	instructions_txt: autoDraw = True
10.6957 	DATA 	Keypress: return
10.7000 	EXP 	instructions_txt: autoDraw = False
10.7000 	EXP 	polygon: autoDraw = True
12.6905 	DEBUG 	Read Excel file with pandas: conditions.xlsx
12.6925 	DEBUG 	Clearing unnamed columns from conditions.xlsx
12.6930 	EXP 	Imported conditions.xlsx as conditions, 20 conditions, 2 params
12.6933 	EXP 	Created sequence: random, trialTypes=20, nReps=0, seed=None
12.6996 	EXP 	polygon: autoDraw = False
12.6996 	EXP 	polygon: autoDraw = False
12.6996 	EXP 	yes_circle: autoDraw = True
12.6996 	EXP 	no_circle: autoDraw = True
14.6839 	DATA 	Mouse: Left button down, pos=(471,524)
14.6993 	EXP 	yes_circle: autoDraw = False
14.6993 	EXP 	no_circle: autoDraw = False
14.6993 	EXP 	ty_txt: autoDraw = True
14.8002 	DATA 	Mouse:  Left button up, pos=(471,524)
17.6994 	EXP 	ty_txt: autoDraw = False
17.6994 	EXP 	ty_txt: autoDraw = False
17.7005 	INFO 	saved data to '/Users/lukas/education/introPy/tutorials/week_2/data/sub-\\.csv'
17.7012 	INFO 	saved data to /Users/lukas/education/introPy/tutorials/week_2/data/sub-\.psydat
20.2425 	EXP 	window1: mouseVisible = True
20.2428 	DEBUG 	Saving data for stroop ExperimentHandler
